build/app/intermediates/manifest_merge_blame_file/stagingRelease/manifest-merger-blame-staging-release-report.txt
1<?xml version="1.0" encoding="utf-8"?>
2<manifest xmlns:android="http://schemas.android.com/apk/res/android"
3    package="com.sports.thesuper11.staging"
4    android:versionCode="1"
5    android:versionName="1.0.15" >
6
7    <uses-sdk
8        android:minSdkVersion="21"
8-->src/main/AndroidManifest.xml
9        android:targetSdkVersion="30" />
9-->src/main/AndroidManifest.xml
10
11    <uses-permission android:name="android.permission.INTERNET" />
11-->src/main/AndroidManifest.xml:4:5-67
11-->src/main/AndroidManifest.xml:4:22-64
12    <uses-permission android:name="android.permission.READ_EXTERNAL_STORAGE" />
12-->src/main/AndroidManifest.xml:5:5-80
12-->src/main/AndroidManifest.xml:5:22-77
13    <uses-permission android:name="android.permission.WRITE_EXTERNAL_STORAGE" />
13-->src/main/AndroidManifest.xml:6:5-81
13-->src/main/AndroidManifest.xml:6:22-78
14    <uses-permission android:name="android.permission.CAMERA" />
14-->src/main/AndroidManifest.xml:7:5-65
14-->src/main/AndroidManifest.xml:7:22-62
15    <uses-permission android:name="android.permission.QUERY_ALL_PACKAGES" />
15-->src/main/AndroidManifest.xml:8:5-76
15-->src/main/AndroidManifest.xml:8:22-74
16
17    <queries>
17-->src/main/AndroidManifest.xml:56:5-65:15
18        <intent>
18-->src/main/AndroidManifest.xml:57:9-60:18
19            <action android:name="android.intent.action.VIEW" />
19-->src/main/AndroidManifest.xml:58:13-65
19-->src/main/AndroidManifest.xml:58:21-62
20
21            <data android:scheme="https" />
21-->src/main/AndroidManifest.xml:59:13-44
21-->src/main/AndroidManifest.xml:59:19-41
22        </intent>
23        <intent>
23-->src/main/AndroidManifest.xml:61:9-64:18
24            <action android:name="android.intent.action.SEND" />
24-->src/main/AndroidManifest.xml:62:13-65
24-->src/main/AndroidManifest.xml:62:21-62
25
26            <data android:mimeType="*/*" />
26-->src/main/AndroidManifest.xml:59:13-44
26-->src/main/AndroidManifest.xml:63:19-41
27        </intent>
28    </queries>
29
30    <uses-permission android:name="android.permission.WAKE_LOCK" />
30-->[:firebase_messaging] AndroidManifest.xml:8:5-68
30-->[:firebase_messaging] AndroidManifest.xml:8:22-65
31    <uses-permission android:name="android.permission.ACCESS_NETWORK_STATE" />
31-->[:firebase_messaging] AndroidManifest.xml:9:5-79
31-->[:firebase_messaging] AndroidManifest.xml:9:22-76
32    <uses-permission android:name="android.permission.RECEIVE_BOOT_COMPLETED" />
32-->[:flutter_local_notifications] AndroidManifest.xml:7:5-81
32-->[:flutter_local_notifications] AndroidManifest.xml:7:22-78
33    <uses-permission android:name="android.permission.VIBRATE" />
33-->[:flutter_local_notifications] AndroidManifest.xml:8:5-66
33-->[:flutter_local_notifications] AndroidManifest.xml:8:22-63
34    <uses-permission android:name="android.permission.USE_FULL_SCREEN_INTENT" /> <!-- Required by older versions of Google Play services to create IID tokens -->
34-->[:flutter_local_notifications] AndroidManifest.xml:9:5-81
34-->[:flutter_local_notifications] AndroidManifest.xml:9:22-78
35    <uses-permission android:name="com.google.android.c2dm.permission.RECEIVE" />
35-->[com.google.firebase:firebase-messaging:22.0.0] AndroidManifest.xml:25:5-82
35-->[com.google.firebase:firebase-messaging:22.0.0] AndroidManifest.xml:25:22-79
36    <uses-permission android:name="com.google.android.finsky.permission.BIND_GET_INSTALL_REFERRER_SERVICE" />
36-->[com.google.android.gms:play-services-measurement:19.0.1] AndroidManifest.xml:26:5-110
36-->[com.google.android.gms:play-services-measurement:19.0.1] AndroidManifest.xml:26:22-107
37
38    <application
38-->src/main/AndroidManifest.xml:10:4-54:19
39        android:appComponentFactory="androidx.core.app.CoreComponentFactory"
39-->[androidx.core:core:1.5.0] AndroidManifest.xml:24:18-86
40        android:icon="@mipmap/ic_launcher"
40-->src/main/AndroidManifest.xml:12:9-43
41        android:label="@string/app_name"
41-->src/main/AndroidManifest.xml:11:9-41
42        android:networkSecurityConfig="@xml/network_security_config"
42-->src/main/AndroidManifest.xml:14:9-69
43        android:requestLegacyExternalStorage="true" >
43-->src/main/AndroidManifest.xml:13:9-52
44        <activity
44-->src/main/AndroidManifest.xml:15:9-43:20
45            android:name="com.sports.super11.the_super11.MainActivity"
45-->src/main/AndroidManifest.xml:16:13-41
46            android:configChanges="orientation|keyboardHidden|keyboard|screenSize|smallestScreenSize|locale|layoutDirection|fontScale|screenLayout|density|uiMode"
46-->src/main/AndroidManifest.xml:19:13-163
47            android:hardwareAccelerated="true"
47-->src/main/AndroidManifest.xml:20:13-47
48            android:launchMode="singleTop"
48-->src/main/AndroidManifest.xml:17:13-43
49            android:theme="@style/LaunchTheme"
49-->src/main/AndroidManifest.xml:18:13-47
50            android:windowSoftInputMode="adjustResize" >
50-->src/main/AndroidManifest.xml:21:13-55
51
52            <!--
53                 Specifies an Android theme to apply to this Activity as soon as
54                 the Android process has started. This theme is visible to the user
55                 while the Flutter UI initializes. After that, this theme continues
56                 to determine the Window background behind the Flutter UI.
57            -->
58            <meta-data
58-->src/main/AndroidManifest.xml:26:13-29:17
59                android:name="io.flutter.embedding.android.NormalTheme"
59-->src/main/AndroidManifest.xml:27:15-70
60                android:resource="@style/NormalTheme" />
60-->src/main/AndroidManifest.xml:28:15-52
61            <!--
62                 Displays an Android View that continues showing the launch screen
63                 Drawable until Flutter paints its first frame, then this splash
64                 screen fades out. A splash screen is useful to avoid any visual
65                 gap between the end of Android's launch screen and the painting of
66                 Flutter's first frame.
67            -->
68            <meta-data
68-->src/main/AndroidManifest.xml:35:13-38:17
69                android:name="io.flutter.embedding.android.SplashScreenDrawable"
69-->src/main/AndroidManifest.xml:36:15-79
70                android:resource="@drawable/launch_background" />
70-->src/main/AndroidManifest.xml:37:15-61
71
72            <intent-filter>
72-->src/main/AndroidManifest.xml:39:13-42:29
73                <action android:name="android.intent.action.MAIN" />
73-->src/main/AndroidManifest.xml:40:17-68
73-->src/main/AndroidManifest.xml:40:25-66
74
75                <category android:name="android.intent.category.LAUNCHER" />
75-->src/main/AndroidManifest.xml:41:17-76
75-->src/main/AndroidManifest.xml:41:27-74
76            </intent-filter>
77        </activity>
78        <activity
78-->src/main/AndroidManifest.xml:45:8-48:70
79            android:name="com.yalantis.ucrop.UCropActivity"
79-->src/main/AndroidManifest.xml:46:12-59
80            android:screenOrientation="portrait"
80-->src/main/AndroidManifest.xml:47:12-48
81            android:theme="@style/Theme.AppCompat.Light.NoActionBar" />
81-->src/main/AndroidManifest.xml:48:12-68
82        <!--
83             Don't delete the meta-data below.
84             This is used by the Flutter tool to generate GeneratedPluginRegistrant.java
85        -->
86        <meta-data
86-->src/main/AndroidManifest.xml:51:9-53:33
87            android:name="flutterEmbedding"
87-->src/main/AndroidManifest.xml:52:13-44
88            android:value="2" />
88-->src/main/AndroidManifest.xml:53:13-30
89
90        <service
90-->[:firebase_crashlytics] AndroidManifest.xml:8:9-12:19
91            android:name="com.google.firebase.components.ComponentDiscoveryService"
91-->[:firebase_crashlytics] AndroidManifest.xml:8:18-89
92            android:directBootAware="true"
92-->[com.google.firebase:firebase-common:20.0.0] AndroidManifest.xml:35:13-43
93            android:exported="false" >
93-->[com.google.android.gms:play-services-measurement-api:19.0.1] AndroidManifest.xml:29:13-37
94            <meta-data
94-->[:firebase_crashlytics] AndroidManifest.xml:9:13-11:85
95                android:name="com.google.firebase.components:io.flutter.plugins.firebase.crashlytics.FlutterFirebaseAppRegistrar"
95-->[:firebase_crashlytics] AndroidManifest.xml:10:17-130
96                android:value="com.google.firebase.components.ComponentRegistrar" />
96-->[:firebase_crashlytics] AndroidManifest.xml:11:17-82
97            <meta-data
97-->[:firebase_messaging] AndroidManifest.xml:34:13-36:85
98                android:name="com.google.firebase.components:io.flutter.plugins.firebase.messaging.FlutterFirebaseAppRegistrar"
98-->[:firebase_messaging] AndroidManifest.xml:35:17-128
99                android:value="com.google.firebase.components.ComponentRegistrar" />
99-->[:firebase_messaging] AndroidManifest.xml:36:17-82
100            <meta-data
100-->[:firebase_core] AndroidManifest.xml:9:13-11:85
101                android:name="com.google.firebase.components:io.flutter.plugins.firebase.core.FlutterFirebaseCoreRegistrar"
101-->[:firebase_core] AndroidManifest.xml:10:17-124
102                android:value="com.google.firebase.components.ComponentRegistrar" />
102-->[:firebase_core] AndroidManifest.xml:11:17-82
103            <meta-data
103-->[com.google.android.gms:play-services-measurement-api:19.0.1] AndroidManifest.xml:30:13-32:85
104                android:name="com.google.firebase.components:com.google.firebase.analytics.connector.internal.AnalyticsConnectorRegistrar"
104-->[com.google.android.gms:play-services-measurement-api:19.0.1] AndroidManifest.xml:31:17-139
105                android:value="com.google.firebase.components.ComponentRegistrar" />
105-->[com.google.android.gms:play-services-measurement-api:19.0.1] AndroidManifest.xml:32:17-82
106            <meta-data
106-->[com.google.firebase:firebase-messaging:22.0.0] AndroidManifest.xml:52:13-54:85
107                android:name="com.google.firebase.components:com.google.firebase.messaging.FirebaseMessagingRegistrar"
107-->[com.google.firebase:firebase-messaging:22.0.0] AndroidManifest.xml:53:17-119
108                android:value="com.google.firebase.components.ComponentRegistrar" />
108-->[com.google.firebase:firebase-messaging:22.0.0] AndroidManifest.xml:54:17-82
109            <meta-data
109-->[com.google.firebase:firebase-crashlytics:18.2.1] AndroidManifest.xml:18:13-20:85
110                android:name="com.google.firebase.components:com.google.firebase.crashlytics.CrashlyticsRegistrar"
110-->[com.google.firebase:firebase-crashlytics:18.2.1] AndroidManifest.xml:19:17-115
111                android:value="com.google.firebase.components.ComponentRegistrar" />
111-->[com.google.firebase:firebase-crashlytics:18.2.1] AndroidManifest.xml:20:17-82
112            <meta-data
112-->[com.google.firebase:firebase-installations:17.0.0] AndroidManifest.xml:18:13-20:85
113                android:name="com.google.firebase.components:com.google.firebase.installations.FirebaseInstallationsRegistrar"
113-->[com.google.firebase:firebase-installations:17.0.0] AndroidManifest.xml:19:17-127
114                android:value="com.google.firebase.components.ComponentRegistrar" />
114-->[com.google.firebase:firebase-installations:17.0.0] AndroidManifest.xml:20:17-82
115            <meta-data
115-->[com.google.firebase:firebase-datatransport:18.0.0] AndroidManifest.xml:28:13-30:85
116                android:name="com.google.firebase.components:com.google.firebase.datatransport.TransportRegistrar"
116-->[com.google.firebase:firebase-datatransport:18.0.0] AndroidManifest.xml:29:17-115
117                android:value="com.google.firebase.components.ComponentRegistrar" />
117-->[com.google.firebase:firebase-datatransport:18.0.0] AndroidManifest.xml:30:17-82
118        </service>
119        <service
119-->[:firebase_messaging] AndroidManifest.xml:12:9-15:72
120            android:name="io.flutter.plugins.firebase.messaging.FlutterFirebaseMessagingBackgroundService"
120-->[:firebase_messaging] AndroidManifest.xml:13:13-107
121            android:exported="false"
121-->[:firebase_messaging] AndroidManifest.xml:14:13-37
122            android:permission="android.permission.BIND_JOB_SERVICE" />
122-->[:firebase_messaging] AndroidManifest.xml:15:13-69
123        <service
123-->[:firebase_messaging] AndroidManifest.xml:16:9-22:19
124            android:name="io.flutter.plugins.firebase.messaging.FlutterFirebaseMessagingService"
124-->[:firebase_messaging] AndroidManifest.xml:17:13-97
125            android:exported="false" >
125-->[:firebase_messaging] AndroidManifest.xml:18:13-37
126            <intent-filter>
126-->[:firebase_messaging] AndroidManifest.xml:19:13-21:29
127                <action android:name="com.google.firebase.MESSAGING_EVENT" />
127-->[:firebase_messaging] AndroidManifest.xml:20:17-78
127-->[:firebase_messaging] AndroidManifest.xml:20:25-75
128            </intent-filter>
129        </service>
130
131        <receiver
131-->[:firebase_messaging] AndroidManifest.xml:24:9-31:20
132            android:name="io.flutter.plugins.firebase.messaging.FlutterFirebaseMessagingReceiver"
132-->[:firebase_messaging] AndroidManifest.xml:25:13-98
133            android:exported="true"
133-->[:firebase_messaging] AndroidManifest.xml:26:13-36
134            android:permission="com.google.android.c2dm.permission.SEND" >
134-->[:firebase_messaging] AndroidManifest.xml:27:13-73
135            <intent-filter>
135-->[:firebase_messaging] AndroidManifest.xml:28:13-30:29
136                <action android:name="com.google.android.c2dm.intent.RECEIVE" />
136-->[:firebase_messaging] AndroidManifest.xml:29:17-81
136-->[:firebase_messaging] AndroidManifest.xml:29:25-78
137            </intent-filter>
138        </receiver>
139
140        <provider
140-->[:firebase_messaging] AndroidManifest.xml:39:9-43:38
141            android:name="io.flutter.plugins.firebase.messaging.FlutterFirebaseMessagingInitProvider"
141-->[:firebase_messaging] AndroidManifest.xml:40:13-102
142            android:authorities="com.sports.thesuper11.staging.flutterfirebasemessaginginitprovider"
142-->[:firebase_messaging] AndroidManifest.xml:41:13-88
143            android:exported="false"
143-->[:firebase_messaging] AndroidManifest.xml:42:13-37
144            android:initOrder="99" />
144-->[:firebase_messaging] AndroidManifest.xml:43:13-35
145        <provider
145-->[:image_picker] AndroidManifest.xml:8:9-16:20
146            android:name="io.flutter.plugins.imagepicker.ImagePickerFileProvider"
146-->[:image_picker] AndroidManifest.xml:9:13-82
147            android:authorities="com.sports.thesuper11.staging.flutter.image_provider"
147-->[:image_picker] AndroidManifest.xml:10:13-74
148            android:exported="false"
148-->[:image_picker] AndroidManifest.xml:11:13-37
149            android:grantUriPermissions="true" >
149-->[:image_picker] AndroidManifest.xml:12:13-47
150            <meta-data
150-->[:image_picker] AndroidManifest.xml:13:13-15:75
151                android:name="android.support.FILE_PROVIDER_PATHS"
151-->[:image_picker] AndroidManifest.xml:14:17-67
152                android:resource="@xml/flutter_image_picker_file_paths" />
152-->[:image_picker] AndroidManifest.xml:15:17-72
153        </provider>
154
155        <receiver android:name="com.dexterous.flutterlocalnotifications.ScheduledNotificationReceiver" />
155-->[:flutter_local_notifications] AndroidManifest.xml:12:9-106
155-->[:flutter_local_notifications] AndroidManifest.xml:12:19-103
156        <receiver android:name="com.dexterous.flutterlocalnotifications.ScheduledNotificationBootReceiver" >
156-->[:flutter_local_notifications] AndroidManifest.xml:13:9-20:20
156-->[:flutter_local_notifications] AndroidManifest.xml:13:19-107
157            <intent-filter>
157-->[:flutter_local_notifications] AndroidManifest.xml:14:13-19:29
158                <action android:name="android.intent.action.BOOT_COMPLETED" />
158-->[:flutter_local_notifications] AndroidManifest.xml:15:17-79
158-->[:flutter_local_notifications] AndroidManifest.xml:15:25-76
159                <action android:name="android.intent.action.MY_PACKAGE_REPLACED" />
159-->[:flutter_local_notifications] AndroidManifest.xml:16:17-84
159-->[:flutter_local_notifications] AndroidManifest.xml:16:25-81
160                <action android:name="android.intent.action.QUICKBOOT_POWERON" />
160-->[:flutter_local_notifications] AndroidManifest.xml:17:17-82
160-->[:flutter_local_notifications] AndroidManifest.xml:17:25-79
161                <action android:name="com.htc.intent.action.QUICKBOOT_POWERON" />
161-->[:flutter_local_notifications] AndroidManifest.xml:18:17-82
161-->[:flutter_local_notifications] AndroidManifest.xml:18:25-79
162            </intent-filter>
163        </receiver>
164
165        <activity
165-->[:url_launcher] AndroidManifest.xml:8:9-11:74
166            android:name="io.flutter.plugins.urllauncher.WebViewActivity"
166-->[:url_launcher] AndroidManifest.xml:9:13-74
167            android:exported="false"
167-->[:url_launcher] AndroidManifest.xml:10:13-37
168            android:theme="@android:style/Theme.NoTitleBar.Fullscreen" />
168-->[:url_launcher] AndroidManifest.xml:11:13-71
169        <activity
169-->[:razorpay_flutter] AndroidManifest.xml:8:9-11:20
170            android:name="com.razorpay.CheckoutActivity"
170-->[:razorpay_flutter] AndroidManifest.xml:9:13-57
171            android:configChanges="keyboard|keyboardHidden|orientation|screenSize"
171-->[com.razorpay:checkout:1.6.10] AndroidManifest.xml:20:13-83
172            android:label="Razorpay Checkout"
172-->[:razorpay_flutter] AndroidManifest.xml:10:13-46
173            android:theme="@style/CheckoutTheme" >
173-->[com.razorpay:checkout:1.6.10] AndroidManifest.xml:21:13-49
174            <intent-filter>
174-->[com.razorpay:checkout:1.6.10] AndroidManifest.xml:22:13-28:29
175                <action android:name="android.intent.action.MAIN" />
175-->src/main/AndroidManifest.xml:40:17-68
175-->src/main/AndroidManifest.xml:40:25-66
176
177                <data
177-->src/main/AndroidManifest.xml:59:13-44
178                    android:host="rzp.io"
179                    android:scheme="io.rzp" />
179-->src/main/AndroidManifest.xml:59:19-41
180            </intent-filter>
181        </activity>
182
183        <provider
183-->[:share] AndroidManifest.xml:8:9-16:20
184            android:name="io.flutter.plugins.share.ShareFileProvider"
184-->[:share] AndroidManifest.xml:9:13-70
185            android:authorities="com.sports.thesuper11.staging.flutter.share_provider"
185-->[:share] AndroidManifest.xml:10:13-74
186            android:exported="false"
186-->[:share] AndroidManifest.xml:11:13-37
187            android:grantUriPermissions="true" >
187-->[:share] AndroidManifest.xml:12:13-47
188            <meta-data
188-->[:image_picker] AndroidManifest.xml:13:13-15:75
189                android:name="android.support.FILE_PROVIDER_PATHS"
189-->[:image_picker] AndroidManifest.xml:14:17-67
190                android:resource="@xml/flutter_share_file_paths" />
190-->[:image_picker] AndroidManifest.xml:15:17-72
191        </provider>
192
193        <receiver
193-->[com.google.firebase:firebase-messaging:22.0.0] AndroidManifest.xml:28:9-35:20
194            android:name="com.google.firebase.iid.FirebaseInstanceIdReceiver"
194-->[com.google.firebase:firebase-messaging:22.0.0] AndroidManifest.xml:29:13-78
195            android:exported="true"
195-->[com.google.firebase:firebase-messaging:22.0.0] AndroidManifest.xml:30:13-36
196            android:permission="com.google.android.c2dm.permission.SEND" >
196-->[com.google.firebase:firebase-messaging:22.0.0] AndroidManifest.xml:31:13-73
197            <intent-filter>
197-->[:firebase_messaging] AndroidManifest.xml:28:13-30:29
198                <action android:name="com.google.android.c2dm.intent.RECEIVE" />
198-->[:firebase_messaging] AndroidManifest.xml:29:17-81
198-->[:firebase_messaging] AndroidManifest.xml:29:25-78
199            </intent-filter>
200        </receiver>
201        <!--
202             FirebaseMessagingService performs security checks at runtime,
203             but set to not exported to explicitly avoid allowing another app to call it.
204        -->
205        <service
205-->[com.google.firebase:firebase-messaging:22.0.0] AndroidManifest.xml:41:9-48:19
206            android:name="com.google.firebase.messaging.FirebaseMessagingService"
206-->[com.google.firebase:firebase-messaging:22.0.0] AndroidManifest.xml:42:13-82
207            android:directBootAware="true"
207-->[com.google.firebase:firebase-messaging:22.0.0] AndroidManifest.xml:43:13-43
208            android:exported="false" >
208-->[com.google.firebase:firebase-messaging:22.0.0] AndroidManifest.xml:44:13-37
209            <intent-filter android:priority="-500" >
209-->[:firebase_messaging] AndroidManifest.xml:19:13-21:29
210                <action android:name="com.google.firebase.MESSAGING_EVENT" />
210-->[:firebase_messaging] AndroidManifest.xml:20:17-78
210-->[:firebase_messaging] AndroidManifest.xml:20:25-75
211            </intent-filter>
212        </service>
213
214        <provider
214-->[com.google.firebase:firebase-common:20.0.0] AndroidManifest.xml:26:9-31:39
215            android:name="com.google.firebase.provider.FirebaseInitProvider"
215-->[com.google.firebase:firebase-common:20.0.0] AndroidManifest.xml:27:13-77
216            android:authorities="com.sports.thesuper11.staging.firebaseinitprovider"
216-->[com.google.firebase:firebase-common:20.0.0] AndroidManifest.xml:28:13-72
217            android:directBootAware="true"
217-->[com.google.firebase:firebase-common:20.0.0] AndroidManifest.xml:29:13-43
218            android:exported="false"
218-->[com.google.firebase:firebase-common:20.0.0] AndroidManifest.xml:30:13-37
219            android:initOrder="100" />
219-->[com.google.firebase:firebase-common:20.0.0] AndroidManifest.xml:31:13-36
220
221        <receiver
221-->[com.google.android.gms:play-services-measurement:19.0.1] AndroidManifest.xml:29:9-33:20
222            android:name="com.google.android.gms.measurement.AppMeasurementReceiver"
222-->[com.google.android.gms:play-services-measurement:19.0.1] AndroidManifest.xml:30:13-85
223            android:enabled="true"
223-->[com.google.android.gms:play-services-measurement:19.0.1] AndroidManifest.xml:31:13-35
224            android:exported="false" >
224-->[com.google.android.gms:play-services-measurement:19.0.1] AndroidManifest.xml:32:13-37
225        </receiver>
226
227        <service
227-->[com.google.android.gms:play-services-measurement:19.0.1] AndroidManifest.xml:35:9-38:40
228            android:name="com.google.android.gms.measurement.AppMeasurementService"
228-->[com.google.android.gms:play-services-measurement:19.0.1] AndroidManifest.xml:36:13-84
229            android:enabled="true"
229-->[com.google.android.gms:play-services-measurement:19.0.1] AndroidManifest.xml:37:13-35
230            android:exported="false" />
230-->[com.google.android.gms:play-services-measurement:19.0.1] AndroidManifest.xml:38:13-37
231        <service
231-->[com.google.android.gms:play-services-measurement:19.0.1] AndroidManifest.xml:39:9-43:72
232            android:name="com.google.android.gms.measurement.AppMeasurementJobService"
232-->[com.google.android.gms:play-services-measurement:19.0.1] AndroidManifest.xml:40:13-87
233            android:enabled="true"
233-->[com.google.android.gms:play-services-measurement:19.0.1] AndroidManifest.xml:41:13-35
234            android:exported="false"
234-->[com.google.android.gms:play-services-measurement:19.0.1] AndroidManifest.xml:42:13-37
235            android:permission="android.permission.BIND_JOB_SERVICE" />
235-->[com.google.android.gms:play-services-measurement:19.0.1] AndroidManifest.xml:43:13-69
236        <service
236-->[com.google.android.datatransport:transport-backend-cct:3.0.0] AndroidManifest.xml:29:9-35:19
237            android:name="com.google.android.datatransport.runtime.backends.TransportBackendDiscovery"
237-->[com.google.android.datatransport:transport-backend-cct:3.0.0] AndroidManifest.xml:30:13-103
238            android:exported="false" >
238-->[com.google.android.datatransport:transport-backend-cct:3.0.0] AndroidManifest.xml:31:13-37
239            <meta-data
239-->[com.google.android.datatransport:transport-backend-cct:3.0.0] AndroidManifest.xml:32:13-34:39
240                android:name="backend:com.google.android.datatransport.cct.CctBackendFactory"
240-->[com.google.android.datatransport:transport-backend-cct:3.0.0] AndroidManifest.xml:33:17-94
241                android:value="cct" />
241-->[com.google.android.datatransport:transport-backend-cct:3.0.0] AndroidManifest.xml:34:17-36
242        </service>
243        <service
243-->[com.google.android.datatransport:transport-runtime:3.0.0] AndroidManifest.xml:26:9-30:19
244            android:name="com.google.android.datatransport.runtime.scheduling.jobscheduling.JobInfoSchedulerService"
244-->[com.google.android.datatransport:transport-runtime:3.0.0] AndroidManifest.xml:27:13-117
245            android:exported="false"
245-->[com.google.android.datatransport:transport-runtime:3.0.0] AndroidManifest.xml:28:13-37
246            android:permission="android.permission.BIND_JOB_SERVICE" >
246-->[com.google.android.datatransport:transport-runtime:3.0.0] AndroidManifest.xml:29:13-69
247        </service>
248
249        <receiver
249-->[com.google.android.datatransport:transport-runtime:3.0.0] AndroidManifest.xml:32:9-34:40
250            android:name="com.google.android.datatransport.runtime.scheduling.jobscheduling.AlarmManagerSchedulerBroadcastReceiver"
250-->[com.google.android.datatransport:transport-runtime:3.0.0] AndroidManifest.xml:33:13-132
251            android:exported="false" />
251-->[com.google.android.datatransport:transport-runtime:3.0.0] AndroidManifest.xml:34:13-37
252        <receiver android:name="com.razorpay.RzpTokenReceiver" >
252-->[com.razorpay:checkout:1.6.10] AndroidManifest.xml:12:9-16:20
252-->[com.razorpay:checkout:1.6.10] AndroidManifest.xml:12:19-63
253            <intent-filter>
253-->[com.razorpay:checkout:1.6.10] AndroidManifest.xml:13:13-15:29
254                <action android:name="rzp.device_token.share" />
254-->[com.razorpay:checkout:1.6.10] AndroidManifest.xml:14:17-65
254-->[com.razorpay:checkout:1.6.10] AndroidManifest.xml:14:25-62
255            </intent-filter>
256        </receiver>
257
258        <activity
258-->[com.google.android.gms:play-services-auth:17.0.0] AndroidManifest.xml:23:9-27:75
259            android:name="com.google.android.gms.auth.api.signin.internal.SignInHubActivity"
259-->[com.google.android.gms:play-services-auth:17.0.0] AndroidManifest.xml:24:13-93
260            android:excludeFromRecents="true"
260-->[com.google.android.gms:play-services-auth:17.0.0] AndroidManifest.xml:25:13-46
261            android:exported="false"
261-->[com.google.android.gms:play-services-auth:17.0.0] AndroidManifest.xml:26:13-37
262            android:theme="@android:style/Theme.Translucent.NoTitleBar" />
262-->[com.google.android.gms:play-services-auth:17.0.0] AndroidManifest.xml:27:13-72
263        <!--
264            Service handling Google Sign-In user revocation. For apps that do not integrate with
265            Google Sign-In, this service will never be started.
266        -->
267        <service
267-->[com.google.android.gms:play-services-auth:17.0.0] AndroidManifest.xml:33:9-36:110
268            android:name="com.google.android.gms.auth.api.signin.RevocationBoundService"
268-->[com.google.android.gms:play-services-auth:17.0.0] AndroidManifest.xml:34:13-89
269            android:exported="true"
269-->[com.google.android.gms:play-services-auth:17.0.0] AndroidManifest.xml:35:13-36
270            android:permission="com.google.android.gms.auth.api.signin.permission.REVOCATION_NOTIFICATION" />
270-->[com.google.android.gms:play-services-auth:17.0.0] AndroidManifest.xml:36:13-107
271
272        <activity
272-->[com.google.android.gms:play-services-base:17.0.0] AndroidManifest.xml:23:9-26:75
273            android:name="com.google.android.gms.common.api.GoogleApiActivity"
273-->[com.google.android.gms:play-services-base:17.0.0] AndroidManifest.xml:24:13-79
274            android:exported="false"
274-->[com.google.android.gms:play-services-base:17.0.0] AndroidManifest.xml:25:13-37
275            android:theme="@android:style/Theme.Translucent.NoTitleBar" />
275-->[com.google.android.gms:play-services-base:17.0.0] AndroidManifest.xml:26:13-72
276
277        <meta-data
277-->[com.google.android.gms:play-services-basement:17.0.0] AndroidManifest.xml:23:9-25:69
278            android:name="com.google.android.gms.version"
278-->[com.google.android.gms:play-services-basement:17.0.0] AndroidManifest.xml:24:13-58
279            android:value="@integer/google_play_services_version" />
279-->[com.google.android.gms:play-services-basement:17.0.0] AndroidManifest.xml:25:13-66
280    </application>
281
282</manifest>